<?xml version="1.0" encoding="UTF-8" ?>
<testsuite failures="1" time="5.04" errors="0" skipped="0" tests="4" name="org.akka.essentials.supervisor.example2.SupervisorTest">
  <properties>
    <property name="java.runtime.name" value="Java(TM) SE Runtime Environment"/>
    <property name="sun.boot.library.path" value="C:\Program Files\Java\jdk1.7.0_25\jre\bin"/>
    <property name="java.vm.version" value="23.25-b01"/>
    <property name="java.vm.vendor" value="Oracle Corporation"/>
    <property name="java.vendor.url" value="http://java.oracle.com/"/>
    <property name="path.separator" value=";"/>
    <property name="guice.disable.misplaced.annotation.check" value="true"/>
    <property name="java.vm.name" value="Java HotSpot(TM) 64-Bit Server VM"/>
    <property name="file.encoding.pkg" value="sun.io"/>
    <property name="user.script" value=""/>
    <property name="user.country" value="US"/>
    <property name="sun.java.launcher" value="SUN_STANDARD"/>
    <property name="sun.os.patch.level" value="Service Pack 1"/>
    <property name="java.vm.specification.name" value="Java Virtual Machine Specification"/>
    <property name="user.dir" value="C:\akka-2.2.1\samples\java\Akka-Essentials-master\AkkaSupervisorExample"/>
    <property name="java.runtime.version" value="1.7.0_25-b17"/>
    <property name="java.awt.graphicsenv" value="sun.awt.Win32GraphicsEnvironment"/>
    <property name="java.endorsed.dirs" value="C:\Program Files\Java\jdk1.7.0_25\jre\lib\endorsed"/>
    <property name="os.arch" value="amd64"/>
    <property name="java.io.tmpdir" value="C:\Users\ROHITZ~1.KUM\AppData\Local\Temp\"/>
    <property name="line.separator" value="
"/>
    <property name="java.vm.specification.vendor" value="Oracle Corporation"/>
    <property name="user.variant" value=""/>
    <property name="os.name" value="Windows 7"/>
    <property name="classworlds.conf" value="C:\apache-maven-3.1.0\bin\..\bin\m2.conf"/>
    <property name="sun.jnu.encoding" value="Cp1252"/>
    <property name="java.library.path" value="C:\Program Files\Java\jdk1.7.0_25\bin;C:\windows\Sun\Java\bin;C:\windows\system32;C:\windows;C:\Program Files\Dell\DW WLAN Card;;C:\windows\system32;C:\windows;C:\windows\System32\Wbem;C:\windows\System32\WindowsPowerShell\v1.0\;C:\Program Files (x86)\Symantec\VIP Access Client\;C:\play-2.1.2;C:\Program Files\Java\jdk1.7.0_25\bin;C:\apache-maven-3.1.0\bin;."/>
    <property name="java.specification.name" value="Java Platform API Specification"/>
    <property name="java.class.version" value="51.0"/>
    <property name="sun.management.compiler" value="HotSpot 64-Bit Tiered Compilers"/>
    <property name="os.version" value="6.1"/>
    <property name="user.home" value="C:\Users\rohit.z.kumar"/>
    <property name="user.timezone" value="Asia/Calcutta"/>
    <property name="java.awt.printerjob" value="sun.awt.windows.WPrinterJob"/>
    <property name="java.specification.version" value="1.7"/>
    <property name="file.encoding" value="Cp1252"/>
    <property name="user.name" value="rohit.z.kumar"/>
    <property name="java.class.path" value="C:\apache-maven-3.1.0\bin\..\boot\plexus-classworlds-2.4.2.jar"/>
    <property name="org.slf4j.simpleLogger.defaultLogLevel" value="info"/>
    <property name="java.vm.specification.version" value="1.7"/>
    <property name="sun.arch.data.model" value="64"/>
    <property name="java.home" value="C:\Program Files\Java\jdk1.7.0_25\jre"/>
    <property name="sun.java.command" value="org.codehaus.plexus.classworlds.launcher.Launcher clean install"/>
    <property name="java.specification.vendor" value="Oracle Corporation"/>
    <property name="user.language" value="en"/>
    <property name="awt.toolkit" value="sun.awt.windows.WToolkit"/>
    <property name="java.vm.info" value="mixed mode"/>
    <property name="java.version" value="1.7.0_25"/>
    <property name="java.ext.dirs" value="C:\Program Files\Java\jdk1.7.0_25\jre\lib\ext;C:\windows\Sun\Java\lib\ext"/>
    <property name="sun.boot.class.path" value="C:\Program Files\Java\jdk1.7.0_25\jre\lib\resources.jar;C:\Program Files\Java\jdk1.7.0_25\jre\lib\rt.jar;C:\Program Files\Java\jdk1.7.0_25\jre\lib\sunrsasign.jar;C:\Program Files\Java\jdk1.7.0_25\jre\lib\jsse.jar;C:\Program Files\Java\jdk1.7.0_25\jre\lib\jce.jar;C:\Program Files\Java\jdk1.7.0_25\jre\lib\charsets.jar;C:\Program Files\Java\jdk1.7.0_25\jre\lib\jfr.jar;C:\Program Files\Java\jdk1.7.0_25\jre\classes"/>
    <property name="java.vendor" value="Oracle Corporation"/>
    <property name="maven.home" value="C:\apache-maven-3.1.0\bin\.."/>
    <property name="file.separator" value="\"/>
    <property name="java.vendor.url.bug" value="http://bugreport.sun.com/bugreport/"/>
    <property name="sun.cpu.endian" value="little"/>
    <property name="sun.io.unicode.encoding" value="UnicodeLittle"/>
    <property name="sun.desktop" value="windows"/>
    <property name="sun.cpu.isalist" value="amd64"/>
  </properties>
  <testcase time="0.01" classname="org.akka.essentials.supervisor.example2.SupervisorTest" name="successTest"/>
  <testcase time="4.962" classname="org.akka.essentials.supervisor.example2.SupervisorTest" name="resumeTest">
    <failure type="java.lang.AssertionError">java.lang.AssertionError
	at org.akka.essentials.supervisor.example2.SupervisorTest.resumeTest(SupervisorTest.java:51)
	at sun.reflect.NativeMethodAccessorImpl.invoke0(Native Method)
	at sun.reflect.NativeMethodAccessorImpl.invoke(NativeMethodAccessorImpl.java:57)
	at sun.reflect.DelegatingMethodAccessorImpl.invoke(DelegatingMethodAccessorImpl.java:43)
	at java.lang.reflect.Method.invoke(Method.java:606)
	at org.junit.runners.model.FrameworkMethod$1.runReflectiveCall(FrameworkMethod.java:45)
	at org.junit.internal.runners.model.ReflectiveCallable.run(ReflectiveCallable.java:15)
	at org.junit.runners.model.FrameworkMethod.invokeExplosively(FrameworkMethod.java:42)
	at org.junit.internal.runners.statements.InvokeMethod.evaluate(InvokeMethod.java:20)
	at org.junit.runners.ParentRunner.runLeaf(ParentRunner.java:263)
	at org.junit.runners.BlockJUnit4ClassRunner.runChild(BlockJUnit4ClassRunner.java:68)
	at org.junit.runners.BlockJUnit4ClassRunner.runChild(BlockJUnit4ClassRunner.java:47)
	at org.junit.runners.ParentRunner$3.run(ParentRunner.java:231)
	at org.junit.runners.ParentRunner$1.schedule(ParentRunner.java:60)
	at org.junit.runners.ParentRunner.runChildren(ParentRunner.java:229)
	at org.junit.runners.ParentRunner.access$000(ParentRunner.java:50)
	at org.junit.runners.ParentRunner$2.evaluate(ParentRunner.java:222)
	at org.junit.runners.ParentRunner.run(ParentRunner.java:300)
	at org.apache.maven.surefire.junit4.JUnit4Provider.execute(JUnit4Provider.java:252)
	at org.apache.maven.surefire.junit4.JUnit4Provider.executeTestSet(JUnit4Provider.java:141)
	at org.apache.maven.surefire.junit4.JUnit4Provider.invoke(JUnit4Provider.java:112)
	at sun.reflect.NativeMethodAccessorImpl.invoke0(Native Method)
	at sun.reflect.NativeMethodAccessorImpl.invoke(NativeMethodAccessorImpl.java:57)
	at sun.reflect.DelegatingMethodAccessorImpl.invoke(DelegatingMethodAccessorImpl.java:43)
	at java.lang.reflect.Method.invoke(Method.java:606)
	at org.apache.maven.surefire.util.ReflectionUtils.invokeMethodWithArray(ReflectionUtils.java:189)
	at org.apache.maven.surefire.booter.ProviderFactory$ProviderProxy.invoke(ProviderFactory.java:165)
	at org.apache.maven.surefire.booter.ProviderFactory.invokeProvider(ProviderFactory.java:85)
	at org.apache.maven.surefire.booter.ForkedBooter.runSuitesInProcess(ForkedBooter.java:115)
	at org.apache.maven.surefire.booter.ForkedBooter.main(ForkedBooter.java:75)
</failure>
    <system-out>[DEBUG] [10/07/2013 13:12:35.687] [faultTolerance-akka.actor.default-dispatcher-4] [akka://faultTolerance/user/$$f/workerActor2] started (org.akka.essentials.supervisor.example2.WorkerActor2@3a9613da)
[DEBUG] [10/07/2013 13:12:35.688] [faultTolerance-akka.actor.default-dispatcher-5] [akka://faultTolerance/system/testActor7] started (akka.testkit.TestActor@2d8e588c)
[DEBUG] [10/07/2013 13:12:35.688] [faultTolerance-akka.actor.default-dispatcher-5] [akka://faultTolerance/system] now supervising Actor[akka://faultTolerance/system/testActor7]
[DEBUG] [10/07/2013 13:12:35.698] [faultTolerance-akka.actor.default-dispatcher-6] [akka://faultTolerance/user] now supervising TestActor[akka://faultTolerance/user/$$g]
[DEBUG] [10/07/2013 13:12:35.699] [main] [akka://faultTolerance/user/$$g] started (org.akka.essentials.supervisor.example2.SupervisorActor2@6e171dd3)
[DEBUG] [10/07/2013 13:12:35.699] [main] [akka://faultTolerance/user/$$g] now supervising Actor[akka://faultTolerance/user/$$g/workerActor1]
[DEBUG] [10/07/2013 13:12:35.700] [main] [akka://faultTolerance/user/$$g] now supervising Actor[akka://faultTolerance/user/$$g/workerActor2]
[INFO] [10/07/2013 13:12:35.701] [faultTolerance-akka.actor.default-dispatcher-5] [akka://faultTolerance/user/$$g/workerActor1] Starting WorkerActor1 instance hashcode # 799490076
[INFO] [10/07/2013 13:12:35.701] [faultTolerance-akka.actor.default-dispatcher-6] [akka://faultTolerance/user/$$g/workerActor2] Starting WorkerActor2 instance hashcode # 224528053
[DEBUG] [10/07/2013 13:12:35.701] [faultTolerance-akka.actor.default-dispatcher-6] [akka://faultTolerance/user/$$g/workerActor2] started (org.akka.essentials.supervisor.example2.WorkerActor2@d6206b5)
[DEBUG] [10/07/2013 13:12:35.702] [faultTolerance-akka.actor.default-dispatcher-5] [akka://faultTolerance/user/$$g/workerActor1] started (org.akka.essentials.supervisor.example2.WorkerActor1@2fa7401c)
[ERROR] [10/07/2013 13:12:35.703] [faultTolerance-akka.actor.default-dispatcher-4] [akka://faultTolerance/user/$$g/workerActor1] Number equal or less than zero
java.lang.ArithmeticException: Number equal or less than zero
	at org.akka.essentials.supervisor.example2.WorkerActor1.onReceive(WorkerActor1.java:25)
	at akka.actor.UntypedActor$$anonfun$receive$1.applyOrElse(UntypedActor.scala:159)
	at akka.actor.ActorCell.receiveMessage(ActorCell.scala:425)
	at akka.actor.ActorCell.invoke(ActorCell.scala:386)
	at akka.dispatch.Mailbox.processMailbox(Mailbox.scala:230)
	at akka.dispatch.Mailbox.run(Mailbox.scala:212)
	at akka.dispatch.ForkJoinExecutorConfigurator$MailboxExecutionTask.exec(AbstractDispatcher.scala:506)
	at scala.concurrent.forkjoin.ForkJoinTask.doExec(ForkJoinTask.java:262)
	at scala.concurrent.forkjoin.ForkJoinPool$WorkQueue.runTask(ForkJoinPool.java:975)
	at scala.concurrent.forkjoin.ForkJoinPool.runWorker(ForkJoinPool.java:1478)
	at scala.concurrent.forkjoin.ForkJoinWorkerThread.run(ForkJoinWorkerThread.java:104)

[DEBUG] [10/07/2013 13:12:35.705] [faultTolerance-akka.actor.default-dispatcher-4] [akka://faultTolerance/user/$$g] received AutoReceiveMessage Envelope(Failed(java.lang.ArithmeticException: Number equal or less than zero,463638784),Actor[akka://faultTolerance/user/$$g/workerActor1])
</system-out>
  </testcase>
  <testcase time="0.011" classname="org.akka.essentials.supervisor.example2.SupervisorTest" name="restartTest"/>
  <testcase time="0.057" classname="org.akka.essentials.supervisor.example2.SupervisorTest" name="stopTest"/>
</testsuite>